Build started 11/22/2017 9:56:20 PM.
     1>Project "C:\Users\aadh3\Abdullah-GoogleDrive\classes\2017\spring\CS1- C++\Dr.Gus class\lab3- Alajaj\lab3- Alajaj\lab3- Alajaj.vcxproj" on node 2 (Build target(s)).
     1>ClCompile:
         C:\Program Files (x86)\Microsoft Visual Studio 12.0\VC\bin\CL.exe /c /ZI /nologo /W3 /WX- /sdl /Od /Oy- /D WIN32 /D _DEBUG /D _CONSOLE /D _LIB /D _UNICODE /D UNICODE /Gm /EHsc /RTC1 /MDd /GS /fp:precise /Zc:wchar_t /Zc:forScope /Fo"Debug\\" /Fd"Debug\vc120.pdb" /Gd /TP /analyze- /errorReport:prompt "Sourcelab3 -Alajaj.cpp"
         Sourcelab3 -Alajaj.cpp
     1>c:\users\aadh3\abdullah-googledrive\classes\2017\spring\cs1- c++\dr.gus class\lab3- alajaj\lab3- alajaj\sourcelab3 -alajaj.cpp(48): warning C4244: 'argument' : conversion from 'time_t' to 'unsigned int', possible loss of data
     1>c:\users\aadh3\abdullah-googledrive\classes\2017\spring\cs1- c++\dr.gus class\lab3- alajaj\lab3- alajaj\sourcelab3 -alajaj.cpp(47): warning C4101: 'picture' : unreferenced local variable
     1>c:\users\aadh3\abdullah-googledrive\classes\2017\spring\cs1- c++\dr.gus class\lab3- alajaj\lab3- alajaj\sourcelab3 -alajaj.cpp(378): warning C4244: 'argument' : conversion from 'double' to 'DWORD', possible loss of data
     1>c:\users\aadh3\abdullah-googledrive\classes\2017\spring\cs1- c++\dr.gus class\lab3- alajaj\lab3- alajaj\sourcelab3 -alajaj.cpp(379): warning C4244: 'argument' : conversion from 'double' to 'DWORD', possible loss of data
     1>c:\users\aadh3\abdullah-googledrive\classes\2017\spring\cs1- c++\dr.gus class\lab3- alajaj\lab3- alajaj\sourcelab3 -alajaj.cpp(381): warning C4244: 'argument' : conversion from 'double' to 'DWORD', possible loss of data
     1>c:\users\aadh3\abdullah-googledrive\classes\2017\spring\cs1- c++\dr.gus class\lab3- alajaj\lab3- alajaj\sourcelab3 -alajaj.cpp(382): warning C4244: 'argument' : conversion from 'double' to 'DWORD', possible loss of data
     1>c:\users\aadh3\abdullah-googledrive\classes\2017\spring\cs1- c++\dr.gus class\lab3- alajaj\lab3- alajaj\sourcelab3 -alajaj.cpp(384): warning C4244: 'argument' : conversion from 'double' to 'DWORD', possible loss of data
     1>c:\users\aadh3\abdullah-googledrive\classes\2017\spring\cs1- c++\dr.gus class\lab3- alajaj\lab3- alajaj\sourcelab3 -alajaj.cpp(385): warning C4244: 'argument' : conversion from 'double' to 'DWORD', possible loss of data
     1>c:\users\aadh3\abdullah-googledrive\classes\2017\spring\cs1- c++\dr.gus class\lab3- alajaj\lab3- alajaj\sourcelab3 -alajaj.cpp(386): warning C4244: 'argument' : conversion from 'double' to 'DWORD', possible loss of data
     1>c:\users\aadh3\abdullah-googledrive\classes\2017\spring\cs1- c++\dr.gus class\lab3- alajaj\lab3- alajaj\sourcelab3 -alajaj.cpp(387): warning C4244: 'argument' : conversion from 'double' to 'DWORD', possible loss of data
     1>c:\users\aadh3\abdullah-googledrive\classes\2017\spring\cs1- c++\dr.gus class\lab3- alajaj\lab3- alajaj\sourcelab3 -alajaj.cpp(388): warning C4244: 'argument' : conversion from 'double' to 'DWORD', possible loss of data
     1>c:\users\aadh3\abdullah-googledrive\classes\2017\spring\cs1- c++\dr.gus class\lab3- alajaj\lab3- alajaj\sourcelab3 -alajaj.cpp(390): warning C4244: 'argument' : conversion from 'double' to 'DWORD', possible loss of data
     1>c:\users\aadh3\abdullah-googledrive\classes\2017\spring\cs1- c++\dr.gus class\lab3- alajaj\lab3- alajaj\sourcelab3 -alajaj.cpp(391): warning C4244: 'argument' : conversion from 'double' to 'DWORD', possible loss of data
     1>c:\users\aadh3\abdullah-googledrive\classes\2017\spring\cs1- c++\dr.gus class\lab3- alajaj\lab3- alajaj\sourcelab3 -alajaj.cpp(392): warning C4244: 'argument' : conversion from 'double' to 'DWORD', possible loss of data
     1>c:\users\aadh3\abdullah-googledrive\classes\2017\spring\cs1- c++\dr.gus class\lab3- alajaj\lab3- alajaj\sourcelab3 -alajaj.cpp(393): warning C4244: 'argument' : conversion from 'double' to 'DWORD', possible loss of data
     1>c:\users\aadh3\abdullah-googledrive\classes\2017\spring\cs1- c++\dr.gus class\lab3- alajaj\lab3- alajaj\sourcelab3 -alajaj.cpp(410): warning C4244: 'argument' : conversion from 'double' to 'DWORD', possible loss of data
     1>c:\users\aadh3\abdullah-googledrive\classes\2017\spring\cs1- c++\dr.gus class\lab3- alajaj\lab3- alajaj\sourcelab3 -alajaj.cpp(411): warning C4244: 'argument' : conversion from 'double' to 'DWORD', possible loss of data
     1>c:\users\aadh3\abdullah-googledrive\classes\2017\spring\cs1- c++\dr.gus class\lab3- alajaj\lab3- alajaj\sourcelab3 -alajaj.cpp(413): warning C4244: 'argument' : conversion from 'double' to 'DWORD', possible loss of data
     1>c:\users\aadh3\abdullah-googledrive\classes\2017\spring\cs1- c++\dr.gus class\lab3- alajaj\lab3- alajaj\sourcelab3 -alajaj.cpp(414): warning C4244: 'argument' : conversion from 'double' to 'DWORD', possible loss of data
     1>c:\users\aadh3\abdullah-googledrive\classes\2017\spring\cs1- c++\dr.gus class\lab3- alajaj\lab3- alajaj\sourcelab3 -alajaj.cpp(416): warning C4244: 'argument' : conversion from 'double' to 'DWORD', possible loss of data
     1>c:\users\aadh3\abdullah-googledrive\classes\2017\spring\cs1- c++\dr.gus class\lab3- alajaj\lab3- alajaj\sourcelab3 -alajaj.cpp(417): warning C4244: 'argument' : conversion from 'double' to 'DWORD', possible loss of data
     1>c:\users\aadh3\abdullah-googledrive\classes\2017\spring\cs1- c++\dr.gus class\lab3- alajaj\lab3- alajaj\sourcelab3 -alajaj.cpp(418): warning C4244: 'argument' : conversion from 'double' to 'DWORD', possible loss of data
     1>c:\users\aadh3\abdullah-googledrive\classes\2017\spring\cs1- c++\dr.gus class\lab3- alajaj\lab3- alajaj\sourcelab3 -alajaj.cpp(419): warning C4244: 'argument' : conversion from 'double' to 'DWORD', possible loss of data
     1>c:\users\aadh3\abdullah-googledrive\classes\2017\spring\cs1- c++\dr.gus class\lab3- alajaj\lab3- alajaj\sourcelab3 -alajaj.cpp(420): warning C4244: 'argument' : conversion from 'double' to 'DWORD', possible loss of data
     1>c:\users\aadh3\abdullah-googledrive\classes\2017\spring\cs1- c++\dr.gus class\lab3- alajaj\lab3- alajaj\sourcelab3 -alajaj.cpp(422): warning C4244: 'argument' : conversion from 'double' to 'DWORD', possible loss of data
     1>c:\users\aadh3\abdullah-googledrive\classes\2017\spring\cs1- c++\dr.gus class\lab3- alajaj\lab3- alajaj\sourcelab3 -alajaj.cpp(423): warning C4244: 'argument' : conversion from 'double' to 'DWORD', possible loss of data
     1>c:\users\aadh3\abdullah-googledrive\classes\2017\spring\cs1- c++\dr.gus class\lab3- alajaj\lab3- alajaj\sourcelab3 -alajaj.cpp(424): warning C4244: 'argument' : conversion from 'double' to 'DWORD', possible loss of data
     1>c:\users\aadh3\abdullah-googledrive\classes\2017\spring\cs1- c++\dr.gus class\lab3- alajaj\lab3- alajaj\sourcelab3 -alajaj.cpp(425): warning C4244: 'argument' : conversion from 'double' to 'DWORD', possible loss of data
       Link:
         C:\Program Files (x86)\Microsoft Visual Studio 12.0\VC\bin\link.exe /ERRORREPORT:PROMPT /OUT:"C:\Users\aadh3\Abdullah-GoogleDrive\classes\2017\spring\CS1- C++\Dr.Gus class\lab3- Alajaj\Debug\lab3- Alajaj.exe" /INCREMENTAL /NOLOGO kernel32.lib user32.lib gdi32.lib winspool.lib comdlg32.lib advapi32.lib shell32.lib ole32.lib oleaut32.lib uuid.lib odbc32.lib odbccp32.lib /MANIFEST /MANIFESTUAC:"level='asInvoker' uiAccess='false'" /manifest:embed /DEBUG /PDB:"C:\Users\aadh3\Abdullah-GoogleDrive\classes\2017\spring\CS1- C++\Dr.Gus class\lab3- Alajaj\Debug\lab3- Alajaj.pdb" /SUBSYSTEM:CONSOLE /TLBID:1 /DYNAMICBASE /NXCOMPAT /IMPLIB:"C:\Users\aadh3\Abdullah-GoogleDrive\classes\2017\spring\CS1- C++\Dr.Gus class\lab3- Alajaj\Debug\lab3- Alajaj.lib" /MACHINE:X86 "Debug\Sourcelab3 -Alajaj.obj"
         LINK : C:\Users\aadh3\Abdullah-GoogleDrive\classes\2017\spring\CS1- C++\Dr.Gus class\lab3- Alajaj\Debug\lab3- Alajaj.exe not found or not built by the last incremental link; performing full link
     1>LINK : fatal error LNK1104: cannot open file 'C:\Users\aadh3\Abdullah-GoogleDrive\classes\2017\spring\CS1- C++\Dr.Gus class\lab3- Alajaj\Debug\lab3- Alajaj.exe'
     1>Done Building Project "C:\Users\aadh3\Abdullah-GoogleDrive\classes\2017\spring\CS1- C++\Dr.Gus class\lab3- Alajaj\lab3- Alajaj\lab3- Alajaj.vcxproj" (Build target(s)) -- FAILED.

Build FAILED.

Time Elapsed 00:00:33.95
